<?xml version="1.0" encoding="UTF-8"?>
<!-- Generated by org.testng.reporters.JUnitReportReporter -->
<testsuite hostname="DEL1-LHP-N67712" failures="0" tests="1" name="stepdefenation.Testjava" time="33.711" errors="0" timestamp="18 Mar 2020 11:19:48 GMT" skipped="0">
  <testcase classname="stepdefenation.Testjava" name="loginnew" time="33.711"/>
</testsuite> <!-- stepdefenation.Testjava -->
